Determining if the pthread_create exist failed with the following output:
Change Dir: /home/david/Downloads/okvis/build/ceres/src/ceres_external-build/CMakeFiles/CMakeTmp

Run Build Command:"/usr/bin/make" "cmTC_f7eeb/fast"
make[3]: Entering directory '/home/david/Downloads/okvis/build/ceres/src/ceres_external-build/CMakeFiles/CMakeTmp'
/usr/bin/make -f CMakeFiles/cmTC_f7eeb.dir/build.make CMakeFiles/cmTC_f7eeb.dir/build
make[4]: Entering directory '/home/david/Downloads/okvis/build/ceres/src/ceres_external-build/CMakeFiles/CMakeTmp'
Building C object CMakeFiles/cmTC_f7eeb.dir/CheckSymbolExists.c.o
/usr/bin/cc     -o CMakeFiles/cmTC_f7eeb.dir/CheckSymbolExists.c.o   -c /home/david/Downloads/okvis/build/ceres/src/ceres_external-build/CMakeFiles/CMakeTmp/CheckSymbolExists.c
Linking C executable cmTC_f7eeb
/usr/bin/cmake -E cmake_link_script CMakeFiles/cmTC_f7eeb.dir/link.txt --verbose=1
/usr/bin/cc       CMakeFiles/cmTC_f7eeb.dir/CheckSymbolExists.c.o  -o cmTC_f7eeb -rdynamic 
CMakeFiles/cmTC_f7eeb.dir/CheckSymbolExists.c.o: In function `main':
CheckSymbolExists.c:(.text+0x16): undefined reference to `pthread_create'
collect2: error: ld returned 1 exit status
CMakeFiles/cmTC_f7eeb.dir/build.make:97: recipe for target 'cmTC_f7eeb' failed
make[4]: *** [cmTC_f7eeb] Error 1
make[4]: Leaving directory '/home/david/Downloads/okvis/build/ceres/src/ceres_external-build/CMakeFiles/CMakeTmp'
Makefile:126: recipe for target 'cmTC_f7eeb/fast' failed
make[3]: *** [cmTC_f7eeb/fast] Error 2
make[3]: Leaving directory '/home/david/Downloads/okvis/build/ceres/src/ceres_external-build/CMakeFiles/CMakeTmp'

File /home/david/Downloads/okvis/build/ceres/src/ceres_external-build/CMakeFiles/CMakeTmp/CheckSymbolExists.c:
/* */
#include <pthread.h>

int main(int argc, char** argv)
{
  (void)argv;
#ifndef pthread_create
  return ((int*)(&pthread_create))[argc];
#else
  (void)argc;
  return 0;
#endif
}

Determining if the function pthread_create exists in the pthreads failed with the following output:
Change Dir: /home/david/Downloads/okvis/build/ceres/src/ceres_external-build/CMakeFiles/CMakeTmp

Run Build Command:"/usr/bin/make" "cmTC_9e280/fast"
make[3]: Entering directory '/home/david/Downloads/okvis/build/ceres/src/ceres_external-build/CMakeFiles/CMakeTmp'
/usr/bin/make -f CMakeFiles/cmTC_9e280.dir/build.make CMakeFiles/cmTC_9e280.dir/build
make[4]: Entering directory '/home/david/Downloads/okvis/build/ceres/src/ceres_external-build/CMakeFiles/CMakeTmp'
Building C object CMakeFiles/cmTC_9e280.dir/CheckFunctionExists.c.o
/usr/bin/cc    -DCHECK_FUNCTION_EXISTS=pthread_create   -o CMakeFiles/cmTC_9e280.dir/CheckFunctionExists.c.o   -c /usr/share/cmake-3.5/Modules/CheckFunctionExists.c
Linking C executable cmTC_9e280
/usr/bin/cmake -E cmake_link_script CMakeFiles/cmTC_9e280.dir/link.txt --verbose=1
/usr/bin/cc   -DCHECK_FUNCTION_EXISTS=pthread_create    CMakeFiles/cmTC_9e280.dir/CheckFunctionExists.c.o  -o cmTC_9e280 -rdynamic -lpthreads 
/usr/bin/ld: cannot find -lpthreads
collect2: error: ld returned 1 exit status
CMakeFiles/cmTC_9e280.dir/build.make:97: recipe for target 'cmTC_9e280' failed
make[4]: *** [cmTC_9e280] Error 1
make[4]: Leaving directory '/home/david/Downloads/okvis/build/ceres/src/ceres_external-build/CMakeFiles/CMakeTmp'
Makefile:126: recipe for target 'cmTC_9e280/fast' failed
make[3]: *** [cmTC_9e280/fast] Error 2
make[3]: Leaving directory '/home/david/Downloads/okvis/build/ceres/src/ceres_external-build/CMakeFiles/CMakeTmp'


