Determining if the pthread_create exist failed with the following output:
Change Dir: /home/david/Downloads/okvis/build/CMakeFiles/CMakeTmp

Run Build Command:"/usr/bin/make" "cmTC_a788f/fast"
/usr/bin/make -f CMakeFiles/cmTC_a788f.dir/build.make CMakeFiles/cmTC_a788f.dir/build
make[1]: Entering directory '/home/david/Downloads/okvis/build/CMakeFiles/CMakeTmp'
Building C object CMakeFiles/cmTC_a788f.dir/CheckSymbolExists.c.o
/usr/bin/cc     -o CMakeFiles/cmTC_a788f.dir/CheckSymbolExists.c.o   -c /home/david/Downloads/okvis/build/CMakeFiles/CMakeTmp/CheckSymbolExists.c
Linking C executable cmTC_a788f
/usr/bin/cmake -E cmake_link_script CMakeFiles/cmTC_a788f.dir/link.txt --verbose=1
/usr/bin/cc       CMakeFiles/cmTC_a788f.dir/CheckSymbolExists.c.o  -o cmTC_a788f -rdynamic 
CMakeFiles/cmTC_a788f.dir/CheckSymbolExists.c.o: In function `main':
CheckSymbolExists.c:(.text+0x16): undefined reference to `pthread_create'
collect2: error: ld returned 1 exit status
CMakeFiles/cmTC_a788f.dir/build.make:97: recipe for target 'cmTC_a788f' failed
make[1]: *** [cmTC_a788f] Error 1
make[1]: Leaving directory '/home/david/Downloads/okvis/build/CMakeFiles/CMakeTmp'
Makefile:126: recipe for target 'cmTC_a788f/fast' failed
make: *** [cmTC_a788f/fast] Error 2

File /home/david/Downloads/okvis/build/CMakeFiles/CMakeTmp/CheckSymbolExists.c:
/* */
#include <pthread.h>

int main(int argc, char** argv)
{
  (void)argv;
#ifndef pthread_create
  return ((int*)(&pthread_create))[argc];
#else
  (void)argc;
  return 0;
#endif
}

Determining if the function pthread_create exists in the pthreads failed with the following output:
Change Dir: /home/david/Downloads/okvis/build/CMakeFiles/CMakeTmp

Run Build Command:"/usr/bin/make" "cmTC_541ae/fast"
/usr/bin/make -f CMakeFiles/cmTC_541ae.dir/build.make CMakeFiles/cmTC_541ae.dir/build
make[1]: Entering directory '/home/david/Downloads/okvis/build/CMakeFiles/CMakeTmp'
Building C object CMakeFiles/cmTC_541ae.dir/CheckFunctionExists.c.o
/usr/bin/cc    -DCHECK_FUNCTION_EXISTS=pthread_create   -o CMakeFiles/cmTC_541ae.dir/CheckFunctionExists.c.o   -c /usr/share/cmake-3.5/Modules/CheckFunctionExists.c
Linking C executable cmTC_541ae
/usr/bin/cmake -E cmake_link_script CMakeFiles/cmTC_541ae.dir/link.txt --verbose=1
/usr/bin/cc   -DCHECK_FUNCTION_EXISTS=pthread_create    CMakeFiles/cmTC_541ae.dir/CheckFunctionExists.c.o  -o cmTC_541ae -rdynamic -lpthreads 
/usr/bin/ld: cannot find -lpthreads
collect2: error: ld returned 1 exit status
CMakeFiles/cmTC_541ae.dir/build.make:97: recipe for target 'cmTC_541ae' failed
make[1]: *** [cmTC_541ae] Error 1
make[1]: Leaving directory '/home/david/Downloads/okvis/build/CMakeFiles/CMakeTmp'
Makefile:126: recipe for target 'cmTC_541ae/fast' failed
make: *** [cmTC_541ae/fast] Error 2


